<?xml version="1.0" encoding="UTF-8"?>
<!-- Generated by org.testng.reporters.JUnitXMLReporter -->
<testsuite ignored="0" hostname="Mayanks-MacBook-Air.local" failures="1" tests="5" name="Test" time="0.394" errors="0" timestamp="2022-11-01T12:04:02 IST">
  <testcase classname="extendReport.ExtentTestcaseDemo" name="method1" time="0.015"/>
  <testcase classname="extendReport.ExtentTestcaseDemo" name="method2" time="0.004"/>
  <testcase classname="extendReport.ExtentTestcaseDemo" name="method3" time="0.001"/>
  <testcase classname="extendReport.ExtentTestcaseDemo" name="method4" time="0.002">
    <failure type="java.lang.AssertionError" message="expected [true] but found [false]">
      <![CDATA[java.lang.AssertionError: expected [true] but found [false]
at extendReport.ExtentTestcaseDemo.method4(ExtentTestcaseDemo.java:32)
at java.base/java.util.ArrayList.forEach(ArrayList.java:1511)
... Removed 31 stack frames]]>
    </failure>
  </testcase> <!-- method4 -->
  <testcase classname="extendReport.ExtentTestcaseDemo" name="method5" time="0.004">
    <skipped/>
  </testcase> <!-- method5 -->
</testsuite> <!-- Test -->
